<?xml version="1.0" encoding="UTF-8"?>
<!-- Generated by org.testng.reporters.JUnitXMLReporter -->
<testsuite hostname="DESKTOP-M7KF4TS" ignored="0" name="Default test" tests="3" failures="0" timestamp="2021-02-25T13:17:59 CET" time="103.958" errors="0">
  <testcase name="AddMealToCartTesta" time="18.592" classname="Tests.MealItemTest"/>
  <testcase name="AddMealToFavorite" time="22.655" classname="Tests.MealItemTest"/>
  <testcase name="ClearCartTesta" time="39.565" classname="Tests.MealItemTest"/>
</testsuite> <!-- Default test -->
